<?xml version="1.0" encoding="UTF-8"?>
<!-- Generated by org.testng.reporters.JUnitReportReporter -->
<testsuite hostname="WKSBAN36CHATR10" failures="0" tests="1" name="runnerhooks.hkrunner" time="9.089" errors="0" timestamp="2025-03-29T17:15:08 IST" skipped="0">
  <testcase classname="runnerhooks.hkrunner" name="runScenario" time="9.089"/>
</testsuite> <!-- runnerhooks.hkrunner -->
