<?xml version="1.0" encoding="UTF-8"?>
<!-- Generated by org.testng.reporters.JUnitReportReporter -->
<testsuite hostname="WKSBAN36CHATR10" failures="0" tests="1" name="assignmentrunner.testrunnerassign" time="39.653" errors="0" timestamp="2025-04-01T12:11:41 IST" skipped="0">
  <testcase classname="assignmentrunner.testrunnerassign" name="runScenario" time="39.653"/>
</testsuite> <!-- assignmentrunner.testrunnerassign -->
