<?xml version="1.0" encoding="UTF-8"?>
<!-- Generated by org.testng.reporters.JUnitReportReporter -->
<testsuite hostname="WKSBAN36CHATR10" failures="0" tests="1" name="runner.testrunner" time="31.268" errors="0" timestamp="2025-04-01T17:18:10 IST" skipped="0">
  <testcase classname="runner.testrunner" name="runScenario" time="31.268"/>
</testsuite> <!-- runner.testrunner -->
