<?xml version="1.0" encoding="UTF-8"?>
<!-- Generated by org.testng.reporters.JUnitReportReporter -->
<testsuite hostname="WKSBAN36CHATR10" failures="0" tests="1" name="Mouse.assign_7_verify" time="7.481" errors="0" timestamp="2025-04-03T16:16:59 IST" skipped="0">
  <testcase classname="Mouse.assign_7_verify" name="test1" time="7.481"/>
</testsuite> <!-- Mouse.assign_7_verify -->
